[ 2017-09-18T09:13:44+08:00 ] 127.0.0.1 /favicon.ico
INFO: [ app_init ] --START--
INFO: Run Behavior\BuildLiteBehavior [ RunTime:0.000012s ]
INFO: [ app_init ] --END-- [ RunTime:0.000662s ]
ERR: 无法加载模块:Favicon

[ 2017-09-18T09:24:41+08:00 ] 127.0.0.1 /upload/2017/06/30/57fc3cc110d69e4e90c3491246f0eb7d.png
INFO: [ app_init ] --START--
INFO: Run Behavior\BuildLiteBehavior [ RunTime:0.000016s ]
INFO: [ app_init ] --END-- [ RunTime:0.001731s ]
ERR: 无法加载模块:Upload

[ 2017-09-18T09:24:41+08:00 ] 127.0.0.1 /upload/2017/06/29/36d501e4de1d58b1747acdc3c6e56ef4.png
INFO: [ app_init ] --START--
INFO: Run Behavior\BuildLiteBehavior [ RunTime:0.000012s ]
INFO: [ app_init ] --END-- [ RunTime:0.000512s ]
ERR: 无法加载模块:Upload

[ 2017-09-18T09:24:41+08:00 ] 127.0.0.1 /upload/2017/06/29/849b9b365f03bd30200bf49644b995ca.png
INFO: [ app_init ] --START--
INFO: Run Behavior\BuildLiteBehavior [ RunTime:0.000012s ]
INFO: [ app_init ] --END-- [ RunTime:0.000553s ]
ERR: 无法加载模块:Upload

[ 2017-09-18T09:24:41+08:00 ] 127.0.0.1 /upload/2017/06/29/a01ea69e491aac43059fef3e27ec1f8c.png
INFO: [ app_init ] --START--
INFO: Run Behavior\BuildLiteBehavior [ RunTime:0.000013s ]
INFO: [ app_init ] --END-- [ RunTime:0.000650s ]
ERR: 无法加载模块:Upload

[ 2017-09-18T09:27:43+08:00 ] 127.0.0.1 /upload/2017/06/30/57fc3cc110d69e4e90c3491246f0eb7d.png
INFO: [ app_init ] --START--
INFO: Run Behavior\BuildLiteBehavior [ RunTime:0.000013s ]
INFO: [ app_init ] --END-- [ RunTime:0.000589s ]
ERR: 无法加载模块:Upload

[ 2017-09-18T09:27:43+08:00 ] 127.0.0.1 /upload/2017/06/29/36d501e4de1d58b1747acdc3c6e56ef4.png
INFO: [ app_init ] --START--
INFO: Run Behavior\BuildLiteBehavior [ RunTime:0.000012s ]
INFO: [ app_init ] --END-- [ RunTime:0.000707s ]
ERR: 无法加载模块:Upload

[ 2017-09-18T09:27:43+08:00 ] 127.0.0.1 /upload/2017/06/29/a01ea69e491aac43059fef3e27ec1f8c.png
INFO: [ app_init ] --START--
INFO: Run Behavior\BuildLiteBehavior [ RunTime:0.000011s ]
INFO: [ app_init ] --END-- [ RunTime:0.000522s ]
ERR: 无法加载模块:Upload

[ 2017-09-18T09:27:43+08:00 ] 127.0.0.1 /upload/2017/06/29/849b9b365f03bd30200bf49644b995ca.png
INFO: [ app_init ] --START--
INFO: Run Behavior\BuildLiteBehavior [ RunTime:0.000012s ]
INFO: [ app_init ] --END-- [ RunTime:0.000556s ]
ERR: 无法加载模块:Upload

[ 2017-09-18T09:28:12+08:00 ] 127.0.0.1 /upload/2017/06/30/57fc3cc110d69e4e90c3491246f0eb7d.png
INFO: [ app_init ] --START--
INFO: Run Behavior\BuildLiteBehavior [ RunTime:0.000013s ]
INFO: [ app_init ] --END-- [ RunTime:0.001064s ]
ERR: 无法加载模块:Upload

[ 2017-09-18T09:28:12+08:00 ] 127.0.0.1 /upload/2017/06/29/a01ea69e491aac43059fef3e27ec1f8c.png
INFO: [ app_init ] --START--
INFO: Run Behavior\BuildLiteBehavior [ RunTime:0.000015s ]
INFO: [ app_init ] --END-- [ RunTime:0.001579s ]
ERR: 无法加载模块:Upload

[ 2017-09-18T09:28:12+08:00 ] 127.0.0.1 /upload/2017/06/29/849b9b365f03bd30200bf49644b995ca.png
INFO: [ app_init ] --START--
INFO: Run Behavior\BuildLiteBehavior [ RunTime:0.000012s ]
INFO: [ app_init ] --END-- [ RunTime:0.000548s ]
ERR: 无法加载模块:Upload

[ 2017-09-18T09:28:12+08:00 ] 127.0.0.1 /upload/2017/06/29/36d501e4de1d58b1747acdc3c6e56ef4.png
INFO: [ app_init ] --START--
INFO: Run Behavior\BuildLiteBehavior [ RunTime:0.000011s ]
INFO: [ app_init ] --END-- [ RunTime:0.000548s ]
ERR: 无法加载模块:Upload

[ 2017-09-18T09:43:20+08:00 ] 127.0.0.1 /upload/2017/09/01/a5216dda8c167aab734297090461a2eb.png
INFO: [ app_init ] --START--
INFO: Run Behavior\BuildLiteBehavior [ RunTime:0.000012s ]
INFO: [ app_init ] --END-- [ RunTime:0.000665s ]
ERR: 无法加载模块:Upload

[ 2017-09-18T09:43:27+08:00 ] 127.0.0.1 /Public/home/img/iklg.png
INFO: [ app_init ] --START--
INFO: Run Behavior\BuildLiteBehavior [ RunTime:0.000015s ]
INFO: [ app_init ] --END-- [ RunTime:0.000940s ]
ERR: 无法加载模块:Public

[ 2017-09-18T09:44:37+08:00 ] 127.0.0.1 /upload/2017/09/01/c5eec0586a7ceb9a9c2db26b431a3c41.png
INFO: [ app_init ] --START--
INFO: Run Behavior\BuildLiteBehavior [ RunTime:0.000012s ]
INFO: [ app_init ] --END-- [ RunTime:0.000552s ]
ERR: 无法加载模块:Upload

[ 2017-09-18T09:44:47+08:00 ] 127.0.0.1 /upload/2017/09/01/164b451347bc0da7061cc8a0c99a86c2.png
INFO: [ app_init ] --START--
INFO: Run Behavior\BuildLiteBehavior [ RunTime:0.000013s ]
INFO: [ app_init ] --END-- [ RunTime:0.000539s ]
ERR: 无法加载模块:Upload

[ 2017-09-18T09:44:55+08:00 ] 127.0.0.1 /upload/2017/09/01/d64beb1d6d5f71790c852bc491ccaf1c.png
INFO: [ app_init ] --START--
INFO: Run Behavior\BuildLiteBehavior [ RunTime:0.000014s ]
INFO: [ app_init ] --END-- [ RunTime:0.001141s ]
ERR: 无法加载模块:Upload

[ 2017-09-18T09:45:02+08:00 ] 127.0.0.1 /upload/2017/09/01/9a7ea170f0a78655b87652961370962d.png
INFO: [ app_init ] --START--
INFO: Run Behavior\BuildLiteBehavior [ RunTime:0.000013s ]
INFO: [ app_init ] --END-- [ RunTime:0.000529s ]
ERR: 无法加载模块:Upload

[ 2017-09-18T09:45:41+08:00 ] 127.0.0.1 /upload/2017/09/01/eaa7eda7f184dc8c8a5bac152d69bf50.png
INFO: [ app_init ] --START--
INFO: Run Behavior\BuildLiteBehavior [ RunTime:0.000014s ]
INFO: [ app_init ] --END-- [ RunTime:0.000571s ]
ERR: 无法加载模块:Upload

[ 2017-09-18T09:46:01+08:00 ] 127.0.0.1 /upload/2017/09/01/16f498b7f8ea6f34a6e4e9c55a8d1fd6.png
INFO: [ app_init ] --START--
INFO: Run Behavior\BuildLiteBehavior [ RunTime:0.000013s ]
INFO: [ app_init ] --END-- [ RunTime:0.000688s ]
ERR: 无法加载模块:Upload

[ 2017-09-18T09:46:14+08:00 ] 127.0.0.1 /upload/2017/09/01/f6621a345d8eafd4d751db57e22c878c.png
INFO: [ app_init ] --START--
INFO: Run Behavior\BuildLiteBehavior [ RunTime:0.000031s ]
INFO: [ app_init ] --END-- [ RunTime:0.001253s ]
ERR: 无法加载模块:Upload

[ 2017-09-18T09:46:24+08:00 ] 127.0.0.1 /upload/2017/09/01/edd3bd35f1956011cd5ffca35b9bcf4d.png
INFO: [ app_init ] --START--
INFO: Run Behavior\BuildLiteBehavior [ RunTime:0.000013s ]
INFO: [ app_init ] --END-- [ RunTime:0.000610s ]
ERR: 无法加载模块:Upload

[ 2017-09-18T09:46:32+08:00 ] 127.0.0.1 /upload/2017/09/01/1c815ea7fc6916e32282cc574111d447.png
INFO: [ app_init ] --START--
INFO: Run Behavior\BuildLiteBehavior [ RunTime:0.000012s ]
INFO: [ app_init ] --END-- [ RunTime:0.000559s ]
ERR: 无法加载模块:Upload

[ 2017-09-18T09:46:42+08:00 ] 127.0.0.1 /upload/2017/07/04/6214b7b9bda9d272f79eccb2330c9fe0.png
INFO: [ app_init ] --START--
INFO: Run Behavior\BuildLiteBehavior [ RunTime:0.000011s ]
INFO: [ app_init ] --END-- [ RunTime:0.000579s ]
ERR: 无法加载模块:Upload

[ 2017-09-18T09:46:57+08:00 ] 127.0.0.1 /upload/2017/07/04/6214b7b9bda9d272f79eccb2330c9fe0.png
INFO: [ app_init ] --START--
INFO: Run Behavior\BuildLiteBehavior [ RunTime:0.000011s ]
INFO: [ app_init ] --END-- [ RunTime:0.000652s ]
ERR: 无法加载模块:Upload

[ 2017-09-18T09:48:45+08:00 ] 127.0.0.1 /upload/2017/07/04/6214b7b9bda9d272f79eccb2330c9fe0.png
INFO: [ app_init ] --START--
INFO: Run Behavior\BuildLiteBehavior [ RunTime:0.000011s ]
INFO: [ app_init ] --END-- [ RunTime:0.000537s ]
ERR: 无法加载模块:Upload

[ 2017-09-18T10:01:38+08:00 ] 127.0.0.1 /Public/home/img/share-bg.png
INFO: [ app_init ] --START--
INFO: Run Behavior\BuildLiteBehavior [ RunTime:0.000012s ]
INFO: [ app_init ] --END-- [ RunTime:0.000507s ]
ERR: 无法加载模块:Public

[ 2017-09-18T10:21:46+08:00 ] 127.0.0.1 /upload/2017/09/01/a5216dda8c167aab734297090461a2eb.png
INFO: [ app_init ] --START--
INFO: Run Behavior\BuildLiteBehavior [ RunTime:0.000011s ]
INFO: [ app_init ] --END-- [ RunTime:0.000488s ]
ERR: 无法加载模块:Upload

[ 2017-09-18T10:39:36+08:00 ] 127.0.0.1 /upload/2017/09/01/c5eec0586a7ceb9a9c2db26b431a3c41.png
INFO: [ app_init ] --START--
INFO: Run Behavior\BuildLiteBehavior [ RunTime:0.000013s ]
INFO: [ app_init ] --END-- [ RunTime:0.001094s ]
ERR: 无法加载模块:Upload

[ 2017-09-18T14:58:25+08:00 ] 127.0.0.1 /Public/admin/layer/layer.js
INFO: [ app_init ] --START--
INFO: Run Behavior\BuildLiteBehavior [ RunTime:0.000012s ]
INFO: [ app_init ] --END-- [ RunTime:0.000548s ]
ERR: 无法加载模块:Public

[ 2017-09-18T14:58:25+08:00 ] 127.0.0.1 /Public/admin/layer/layer.js
INFO: [ app_init ] --START--
INFO: Run Behavior\BuildLiteBehavior [ RunTime:0.000011s ]
INFO: [ app_init ] --END-- [ RunTime:0.000797s ]
ERR: 无法加载模块:Public

